<?xml version="1.0" encoding="UTF-8"?>
<!-- Generated by org.testng.reporters.JUnitReportReporter -->
<testsuite hostname="DESKTOP-3GNSTIR" failures="0" tests="1" name="tests.RegestedEmailAlready" time="0.584" errors="0" timestamp="15 Apr 2022 21:29:56 GMT" skipped="0">
  <testcase classname="tests.RegestedEmailAlready" name="createUserWithRegesterdMail" time="0.584"/>
</testsuite> <!-- tests.RegestedEmailAlready -->
