<?xml version="1.0" encoding="UTF-8"?>
<!-- Generated by org.testng.reporters.JUnitReportReporter -->
<testsuite hostname="DESKTOP-3GNSTIR" failures="0" tests="1" name="tests.RegesterUser" time="2.119" errors="0" timestamp="11 Apr 2022 19:50:07 GMT" skipped="0">
  <testcase classname="tests.RegesterUser" name="testRegesterUser" time="2.119"/>
</testsuite> <!-- tests.RegesterUser -->
