<?xml version="1.0" encoding="UTF-8"?>
<!-- Generated by org.testng.reporters.JUnitReportReporter -->
<testsuite hostname="DESKTOP-3GNSTIR" failures="0" tests="1" name="tests.NormalUserLogin" time="2.708" errors="0" timestamp="12 Apr 2022 01:32:28 GMT" skipped="0">
  <testcase classname="tests.NormalUserLogin" name="testStandardUserCanLogin" time="2.708"/>
</testsuite> <!-- tests.NormalUserLogin -->
